
Showing logs for build [32mdhgautam-my-golang-master-relea-h2lkc-3[0m stage [32mfrom-build-pack[0m and container [32mcredential-initializer[0m
{"level":"info","ts":1595378809.3739204,"caller":"creds-init/main.go:44","msg":"Credentials initialized."}

Showing logs for build [32mdhgautam-my-golang-master-relea-h2lkc-3[0m stage [32mfrom-build-pack[0m and container [32mworking-dir-initializer[0m

Showing logs for build [32mdhgautam-my-golang-master-relea-h2lkc-3[0m stage [32mfrom-build-pack[0m and container [32mplace-tools[0m

Showing logs for build [32mdhgautam-my-golang-master-relea-h2lkc-3[0m stage [32mfrom-build-pack[0m and container [32mstep-git-source-dhgautam-my-golang-master-relea-h2lkc-h8vdp[0m
{"level":"info","ts":1595378817.398387,"caller":"git/git.go:105","msg":"Successfully cloned https://github.com/********/my-golang.git @ v0.0.5 in path /workspace/source"}
{"level":"warn","ts":1595378817.3993046,"caller":"git/git.go:152","msg":"Unexpected error: creating symlink: symlink /tekton/home/.ssh /root/.ssh: file exists"}
{"level":"info","ts":1595378817.4428763,"caller":"git/git.go:133","msg":"Successfully initialized and updated submodules in path /workspace/source"}

Showing logs for build [32mdhgautam-my-golang-master-relea-h2lkc-3[0m stage [32mfrom-build-pack[0m and container [32mstep-setup-builder-home[0m

Showing logs for build [32mdhgautam-my-golang-master-relea-h2lkc-3[0m stage [32mfrom-build-pack[0m and container [32mstep-git-merge[0m
Using SHAs from PULL_REFS=master:f66059dcb6756d19d197bf8c8941d062e5705eec
WARNING: no SHAs to merge, falling back to initial cloned commit

Showing logs for build [32mdhgautam-my-golang-master-relea-h2lkc-3[0m stage [32mfrom-build-pack[0m and container [32mstep-setup-jx-git-credentials[0m
Generated Git credentials file /workspace/xdg_config/git/credentials

Showing logs for build [32mdhgautam-my-golang-master-relea-h2lkc-3[0m stage [32mfrom-build-pack[0m and container [32mstep-build-make-build[0m
CGO_ENABLED=0 GO15VENDOREXPERIMENT=1 go build -ldflags '' -o bin/my-golang main.go

Showing logs for build [32mdhgautam-my-golang-master-relea-h2lkc-3[0m stage [32mfrom-build-pack[0m and container [32mstep-build-container-build[0m
E0722 00:47:09.125920      11 aws_credentials.go:77] while getting AWS credentials NoCredentialProviders: no valid providers in chain. Deprecated.
	For verbose messaging see aws.Config.CredentialsChainVerboseErrors
[36mINFO[0m[0001] Resolved base name golang:alpine to build-env 
[36mINFO[0m[0001] Using dockerignore file: /workspace/source/.dockerignore 
[36mINFO[0m[0001] Retrieving image manifest golang:alpine      
E0722 00:47:09.441892      11 metadata.go:154] while reading 'google-dockercfg' metadata: http status code: 404 while fetching url http://metadata.google.internal./computeMetadata/v1/instance/attributes/google-dockercfg
E0722 00:47:09.445344      11 metadata.go:166] while reading 'google-dockercfg-url' metadata: http status code: 404 while fetching url http://metadata.google.internal./computeMetadata/v1/instance/attributes/google-dockercfg-url
[36mINFO[0m[0002] Retrieving image manifest golang:alpine      
[36mINFO[0m[0003] Retrieving image manifest alpine             
[36mINFO[0m[0005] Retrieving image manifest alpine             
[36mINFO[0m[0006] Built cross stage deps: map[0:[/go/src/my-golang/my-golang /go/src/my-golang/assets]] 
[36mINFO[0m[0006] Retrieving image manifest golang:alpine      
[36mINFO[0m[0006] Retrieving image manifest golang:alpine      
[36mINFO[0m[0007] Executing 0 build triggers                   
[36mINFO[0m[0007] Checking for cached layer gcr.io/valued-ceiling-253018/cache:56c95fc7c4e92e64bb40048239fb695df5141a12219e5393fb166d4f50c245d2... 
[36mINFO[0m[0008] No cached layer found for cmd COPY . /go/src/my-golang 
[36mINFO[0m[0008] Unpacking rootfs as cmd COPY . /go/src/my-golang requires it. 
[36mINFO[0m[0016] WORKDIR /go/src                              
[36mINFO[0m[0016] cmd: workdir                                 
[36mINFO[0m[0016] Changed working directory to /go/src         
[36mINFO[0m[0016] No files changed in this command, skipping snapshotting. 
[36mINFO[0m[0017] COPY . /go/src/my-golang                     
[36mINFO[0m[0017] Resolving 128 paths                          
[36mINFO[0m[0017] Taking snapshot of files...                  
[36mINFO[0m[0017] RUN cd /go/src/my-golang && go build .       
[36mINFO[0m[0017] Taking snapshot of full filesystem...        
[36mINFO[0m[0017] Pushing layer gcr.io/valued-ceiling-253018/cache:56c95fc7c4e92e64bb40048239fb695df5141a12219e5393fb166d4f50c245d2 to cache now 
[36mINFO[0m[0021] Resolving 11722 paths                        
[36mINFO[0m[0022] cmd: /bin/sh                                 
[36mINFO[0m[0022] args: [-c cd /go/src/my-golang && go build .] 
[36mINFO[0m[0022] Running: [/bin/sh -c cd /go/src/my-golang && go build .] 
[36mINFO[0m[0024] Taking snapshot of full filesystem...        
[36mINFO[0m[0024] Resolving 11729 paths                        
[36mINFO[0m[0026] Pushing layer gcr.io/valued-ceiling-253018/cache:1b6d30b925c2e91d35897045fe79253e3011a0047ad1638abdc88cf983547552 to cache now 
[36mINFO[0m[0028] Saving file go/src/my-golang/my-golang for later use 
[36mINFO[0m[0028] Saving file go/src/my-golang/assets for later use 
[36mINFO[0m[0028] Deleting filesystem...                       
[36mINFO[0m[0029] Retrieving image manifest alpine             
[36mINFO[0m[0030] Retrieving image manifest alpine             
[36mINFO[0m[0031] Executing 0 build triggers                   
[36mINFO[0m[0031] Checking for cached layer gcr.io/valued-ceiling-253018/cache:a28f2a71a4a159437106de4999a1efa4d283c1f79f03d1a24db16b55d78f2849... 
[36mINFO[0m[0031] Using caching version of cmd: RUN apk update && apk add ca-certificates && rm -rf /var/cache/apk* 
[36mINFO[0m[0031] Checking for cached layer gcr.io/valued-ceiling-253018/cache:6057474fa32d00407d07de2bae21483dd789758191eb7699eab2104003b80644... 
[36mINFO[0m[0031] No cached layer found for cmd COPY --from=build-env /go/src/my-golang/my-golang /app 
[36mINFO[0m[0031] cmd: EXPOSE                                  
[36mINFO[0m[0031] Adding exposed port: 8080/tcp                
[36mINFO[0m[0031] Unpacking rootfs as cmd COPY --from=build-env /go/src/my-golang/my-golang /app requires it. 
[36mINFO[0m[0031] RUN apk update && apk add ca-certificates && rm -rf /var/cache/apk* 
[36mINFO[0m[0031] Found cached layer, extracting to filesystem 
[36mINFO[0m[0032] WORKDIR /app                                 
[36mINFO[0m[0032] cmd: workdir                                 
[36mINFO[0m[0032] Changed working directory to /app            
[36mINFO[0m[0032] Creating directory /app                      
[36mINFO[0m[0032] Resolving 1 paths                            
[36mINFO[0m[0032] Taking snapshot of files...                  
[36mINFO[0m[0032] COPY --from=build-env /go/src/my-golang/my-golang /app 
[36mINFO[0m[0032] Resolving 1 paths                            
[36mINFO[0m[0032] Taking snapshot of files...                  
[36mINFO[0m[0032] COPY --from=build-env /go/src/my-golang/assets /app/assets 
[36mINFO[0m[0032] Resolving 2 paths                            
[36mINFO[0m[0032] Taking snapshot of files...                  
[36mINFO[0m[0032] Pushing layer gcr.io/valued-ceiling-253018/cache:1cef54d3ed7b486183cde32834994896dcac0d51be48155b8524e7d58ec60640 to cache now 
[36mINFO[0m[0032] EXPOSE 8080                                  
[36mINFO[0m[0032] cmd: EXPOSE                                  
[36mINFO[0m[0032] Adding exposed port: 8080/tcp                
[36mINFO[0m[0032] No files changed in this command, skipping snapshotting. 
[36mINFO[0m[0032] ENTRYPOINT [ "./my-golang" ]                 
[36mINFO[0m[0032] No files changed in this command, skipping snapshotting. 
[36mINFO[0m[0032] Pushing layer gcr.io/valued-ceiling-253018/cache:6057474fa32d00407d07de2bae21483dd789758191eb7699eab2104003b80644 to cache now 

Showing logs for build [32mdhgautam-my-golang-master-relea-h2lkc-3[0m stage [32mfrom-build-pack[0m and container [32mstep-build-post-build[0m
no CVE provider running in the current ** namespace so skip adding image to be analysed

Showing logs for build [32mdhgautam-my-golang-master-relea-h2lkc-3[0m stage [32mfrom-build-pack[0m and container [32mstep-promote-changelog[0m
Converted /workspace/source/charts/my-golang to an unshallow repository
Generating change log from git ref 07d8a126c29ef4d272f68e19510d334021461531 => f2dd609a6fd9022d6381aa90f4b86f4cb56f2709
WARNING: Failed to enrich commit a00c3a813baedad1753cf0100e04b23529030792 with issues: selected more than one user from users.jenkins.io: [******** x-0]
WARNING: Failed to enrich commit a00c3a813baedad1753cf0100e04b23529030792 with issues: selected more than one user from users.jenkins.io: [******** x-0]
Finding issues in commit messages using git format
WARNING: Failed to enrich commit c684c889e0020e210f168cba95d2a66c15d82282 with issues: selected more than one user from users.jenkins.io: [******** x-0]
WARNING: Failed to enrich commit c684c889e0020e210f168cba95d2a66c15d82282 with issues: selected more than one user from users.jenkins.io: [******** x-0]
WARNING: Failed to enrich commit acddaa2af80099eb48a49b3844980146ad00e0c1 with issues: selected more than one user from users.jenkins.io: [******** x-0]
WARNING: Failed to enrich commit acddaa2af80099eb48a49b3844980146ad00e0c1 with issues: selected more than one user from users.jenkins.io: [******** x-0]
WARNING: Failed to find closedBy user for issue 1 repository https://github.com/********/my-golang
WARNING: No release found for ********/my-golang and tag v0.0.5 so creating a new release
Updated the release information at https://github.com/********/my-golang/releases/tag/v0.0.5
generated: /workspace/source/charts/my-golang/templates/release.yaml
Created Release my-golang-0-0-5 resource in namespace **
Updating PipelineActivity ********-my-golang-master-3 with version 0.0.5
Updated PipelineActivities ********-my-golang-master-3 with release notes URL: https://github.com/********/my-golang/releases/tag/v0.0.5

Showing logs for build [32mdhgautam-my-golang-master-relea-h2lkc-3[0m stage [32mfrom-build-pack[0m and container [32mstep-promote-helm-release[0m
WARNING: No $CHART_REPOSITORY defined so using the default value of: http://jenkins-x-chartmuseum:8080
Adding missing Helm repo: storage.googleapis.com https://storage.googleapis.com/chartmuseum.jenkins-x.io
Successfully added Helm repository storage.googleapis.com.
Adding missing Helm repo: jenkins-x-chartmuseum http://jenkins-x-chartmuseum:8080
Successfully added Helm repository jenkins-x-chartmuseum.
WARNING: No $CHART_REPOSITORY defined so using the default value of: http://jenkins-x-chartmuseum:8080
Uploading chart file my-golang-0.0.5.tgz to http://jenkins-x-chartmuseum:8080/api/charts
Received 201 response: {"saved":true}

Showing logs for build [32mdhgautam-my-golang-master-relea-h2lkc-3[0m stage [32mfrom-build-pack[0m and container [32mstep-promote-jx-promote[0m
WARNING: prow based install so skip waiting for the merge of Pull Requests to go green as currently there is an issue with gettingstatuses from the PR, see https://github.com/jenkins-x/**/issues/2410
WARNING: No $CHART_REPOSITORY defined so using the default value of: http://jenkins-x-chartmuseum:8080
Promoting app my-golang version 0.0.5 to namespace **-staging
Created Pull Request: https://github.com/********/environment-**boot-staging/pull/6
Added label updatebot to Pull Request https://github.com/********/environment-**boot-staging/pull/6
got git provider status pending from PR https://github.com/********/environment-**boot-staging/pull/6
Pull Request https://github.com/********/environment-**boot-staging/pull/6 is merged at sha 49aedbe84e91b2cc5b7a35d109891724cfd6af97
Pull Request merged but we are not waiting for the update pipeline to complete!
WARNING: Could not find the service URL in namespace **-staging for names my-golang, **-my-golang, **-staging-my-golang
