
Showing logs for build [32mdhgautam-my-golang-pr-2-pr-buil-cf7pm-2[0m stage [32mfrom-build-pack[0m and container [32mcredential-initializer[0m
{"level":"info","ts":1595377743.7997756,"caller":"creds-init/main.go:44","msg":"Credentials initialized."}

Showing logs for build [32mdhgautam-my-golang-pr-2-pr-buil-cf7pm-2[0m stage [32mfrom-build-pack[0m and container [32mworking-dir-initializer[0m

Showing logs for build [32mdhgautam-my-golang-pr-2-pr-buil-cf7pm-2[0m stage [32mfrom-build-pack[0m and container [32mplace-tools[0m

Showing logs for build [32mdhgautam-my-golang-pr-2-pr-buil-cf7pm-2[0m stage [32mfrom-build-pack[0m and container [32mstep-git-source-dhgautam-my-golang-pr-2-pr-buil-cf7pm-xqkpv[0m
{"level":"info","ts":1595377756.4325569,"caller":"git/git.go:105","msg":"Successfully cloned https://github.com/********/my-golang.git @ master in path /workspace/source"}
{"level":"warn","ts":1595377756.432658,"caller":"git/git.go:152","msg":"Unexpected error: creating symlink: symlink /tekton/home/.ssh /root/.ssh: file exists"}
{"level":"info","ts":1595377756.4758759,"caller":"git/git.go:133","msg":"Successfully initialized and updated submodules in path /workspace/source"}

Showing logs for build [32mdhgautam-my-golang-pr-2-pr-buil-cf7pm-2[0m stage [32mfrom-build-pack[0m and container [32mstep-setup-builder-home[0m

Showing logs for build [32mdhgautam-my-golang-pr-2-pr-buil-cf7pm-2[0m stage [32mfrom-build-pack[0m and container [32mstep-git-merge[0m
Using SHAs from PULL_REFS=master:a4057e04e354bdb0cca76b10895c6e061b63db54,2:c684c889e0020e210f168cba95d2a66c15d82282
DEBUG: LC_ALL=C JX_LOG_LEVEL=error git fetch origin --unshallow c684c889e0020e210f168cba95d2a66c15d82282: a4057e04e354bdb0cca76b10895c6e061b63db54:
DEBUG: ran git fetch --unshallow origin c684c889e0020e210f168cba95d2a66c15d82282: a4057e04e354bdb0cca76b10895c6e061b63db54: in 
DEBUG: LC_ALL=C JX_LOG_LEVEL=error git branch
DEBUG: LC_ALL=C JX_LOG_LEVEL=error git checkout master
DEBUG: ran git checkout master in 
DEBUG: LC_ALL=C JX_LOG_LEVEL=error git reset --hard a4057e04e354bdb0cca76b10895c6e061b63db54
DEBUG: ran git reset --hard a4057e04e354bdb0cca76b10895c6e061b63db54 in 
DEBUG: LC_ALL=C JX_LOG_LEVEL=error git clean -fd .
DEBUG: ran clean --force -d . in 
DEBUG: LC_ALL=C JX_LOG_LEVEL=error git merge c684c889e0020e210f168cba95d2a66c15d82282
DEBUG: ran git merge c684c889e0020e210f168cba95d2a66c15d82282 in 
DEBUG: LC_ALL=C JX_LOG_LEVEL=error git log --format=%H%x1f%an%x1f%ae%x1f%cn%x1f%ce%x1f%s%n%b%x1e a4057e04e354bdb0cca76b10895c6e061b63db54..HEAD
Merged SHA c684c889e0020e210f168cba95d2a66c15d82282 with commit message 'Fix go error' into base branch master
Merged SHA acddaa2af80099eb48a49b3844980146ad00e0c1 with commit message 'fix to issue #1' into base branch master

Showing logs for build [32mdhgautam-my-golang-pr-2-pr-buil-cf7pm-2[0m stage [32mfrom-build-pack[0m and container [32mstep-build-make-linux[0m
CGO_ENABLED=0 GOOS=linux GOARCH=amd64 GO15VENDOREXPERIMENT=1 go build -ldflags '' -o bin/my-golang main.go

Showing logs for build [32mdhgautam-my-golang-pr-2-pr-buil-cf7pm-2[0m stage [32mfrom-build-pack[0m and container [32mstep-build-container-build[0m
E0722 00:29:29.369251       9 aws_credentials.go:77] while getting AWS credentials NoCredentialProviders: no valid providers in chain. Deprecated.
	For verbose messaging see aws.Config.CredentialsChainVerboseErrors
[36mINFO[0m[0000] Resolved base name golang:alpine to build-env 
[36mINFO[0m[0000] Using dockerignore file: /workspace/source/.dockerignore 
[36mINFO[0m[0000] Retrieving image manifest golang:alpine      
E0722 00:29:29.629994       9 metadata.go:154] while reading 'google-dockercfg' metadata: http status code: 404 while fetching url http://metadata.google.internal./computeMetadata/v1/instance/attributes/google-dockercfg
E0722 00:29:29.632865       9 metadata.go:166] while reading 'google-dockercfg-url' metadata: http status code: 404 while fetching url http://metadata.google.internal./computeMetadata/v1/instance/attributes/google-dockercfg-url
[36mINFO[0m[0002] Retrieving image manifest golang:alpine      
[36mINFO[0m[0003] Retrieving image manifest alpine             
[36mINFO[0m[0003] Retrieving image manifest alpine             
[36mINFO[0m[0005] Built cross stage deps: map[0:[/go/src/my-golang/my-golang /go/src/my-golang/assets]] 
[36mINFO[0m[0005] Retrieving image manifest golang:alpine      
[36mINFO[0m[0005] Retrieving image manifest golang:alpine      
[36mINFO[0m[0006] Executing 0 build triggers                   
[36mINFO[0m[0006] Checking for cached layer gcr.io/valued-ceiling-253018/cache:b72114c3c4edbe14bf602187085af0fd5c3de3e91fc423d91a263c080746125e... 
[36mINFO[0m[0006] No cached layer found for cmd COPY . /go/src/my-golang 
[36mINFO[0m[0006] Unpacking rootfs as cmd COPY . /go/src/my-golang requires it. 
[36mINFO[0m[0015] WORKDIR /go/src                              
[36mINFO[0m[0015] cmd: workdir                                 
[36mINFO[0m[0015] Changed working directory to /go/src         
[36mINFO[0m[0015] No files changed in this command, skipping snapshotting. 
[36mINFO[0m[0015] COPY . /go/src/my-golang                     
[36mINFO[0m[0015] Resolving 297 paths                          
[36mINFO[0m[0015] Taking snapshot of files...                  
[36mINFO[0m[0016] RUN cd /go/src/my-golang && go build .       
[36mINFO[0m[0016] Taking snapshot of full filesystem...        
[36mINFO[0m[0016] Pushing layer gcr.io/valued-ceiling-253018/cache:b72114c3c4edbe14bf602187085af0fd5c3de3e91fc423d91a263c080746125e to cache now 
[36mINFO[0m[0019] Resolving 11891 paths                        
[36mINFO[0m[0021] cmd: /bin/sh                                 
[36mINFO[0m[0021] args: [-c cd /go/src/my-golang && go build .] 
[36mINFO[0m[0021] Running: [/bin/sh -c cd /go/src/my-golang && go build .] 
[36mINFO[0m[0022] Taking snapshot of full filesystem...        
[36mINFO[0m[0022] Resolving 11898 paths                        
[36mINFO[0m[0024] Pushing layer gcr.io/valued-ceiling-253018/cache:454ec16273aaa0218a56366cc73b835b42d2be0d6fb7d7711c7bf8544d981e76 to cache now 
[36mINFO[0m[0026] Saving file go/src/my-golang/my-golang for later use 
[36mINFO[0m[0026] Saving file go/src/my-golang/assets for later use 
[36mINFO[0m[0026] Deleting filesystem...                       
[36mINFO[0m[0027] Retrieving image manifest alpine             
[36mINFO[0m[0028] Retrieving image manifest alpine             
[36mINFO[0m[0029] Executing 0 build triggers                   
[36mINFO[0m[0029] Checking for cached layer gcr.io/valued-ceiling-253018/cache:a28f2a71a4a159437106de4999a1efa4d283c1f79f03d1a24db16b55d78f2849... 
[36mINFO[0m[0029] Using caching version of cmd: RUN apk update && apk add ca-certificates && rm -rf /var/cache/apk* 
[36mINFO[0m[0029] Checking for cached layer gcr.io/valued-ceiling-253018/cache:862b3e29c589a56d6d6dec3a152d39a3f64397c5568ac0f1eed646a69417a6f3... 
[36mINFO[0m[0029] No cached layer found for cmd COPY --from=build-env /go/src/my-golang/my-golang /app 
[36mINFO[0m[0029] cmd: EXPOSE                                  
[36mINFO[0m[0029] Adding exposed port: 8080/tcp                
[36mINFO[0m[0029] Unpacking rootfs as cmd COPY --from=build-env /go/src/my-golang/my-golang /app requires it. 
[36mINFO[0m[0030] RUN apk update && apk add ca-certificates && rm -rf /var/cache/apk* 
[36mINFO[0m[0030] Found cached layer, extracting to filesystem 
[36mINFO[0m[0030] WORKDIR /app                                 
[36mINFO[0m[0030] cmd: workdir                                 
[36mINFO[0m[0030] Changed working directory to /app            
[36mINFO[0m[0030] Creating directory /app                      
[36mINFO[0m[0030] Resolving 1 paths                            
[36mINFO[0m[0030] Taking snapshot of files...                  
[36mINFO[0m[0030] COPY --from=build-env /go/src/my-golang/my-golang /app 
[36mINFO[0m[0030] Resolving 1 paths                            
[36mINFO[0m[0030] Taking snapshot of files...                  
[36mINFO[0m[0030] Pushing layer gcr.io/valued-ceiling-253018/cache:862b3e29c589a56d6d6dec3a152d39a3f64397c5568ac0f1eed646a69417a6f3 to cache now 
[36mINFO[0m[0030] COPY --from=build-env /go/src/my-golang/assets /app/assets 
[36mINFO[0m[0030] Resolving 2 paths                            
[36mINFO[0m[0030] Taking snapshot of files...                  
[36mINFO[0m[0030] EXPOSE 8080                                  
[36mINFO[0m[0030] cmd: EXPOSE                                  
[36mINFO[0m[0030] Adding exposed port: 8080/tcp                
[36mINFO[0m[0030] No files changed in this command, skipping snapshotting. 
[36mINFO[0m[0030] ENTRYPOINT [ "./my-golang" ]                 
[36mINFO[0m[0030] No files changed in this command, skipping snapshotting. 
[36mINFO[0m[0030] Pushing layer gcr.io/valued-ceiling-253018/cache:9e7f87071c9c1f5ae96b0943d33ff22a6d8be8abd946e9e7265352a13a64118c to cache now 

Showing logs for build [32mdhgautam-my-golang-pr-2-pr-buil-cf7pm-2[0m stage [32mfrom-build-pack[0m and container [32mstep-postbuild-post-build[0m
no CVE provider running in the current ** namespace so skip adding image to be analysed

Showing logs for build [32mdhgautam-my-golang-pr-2-pr-buil-cf7pm-2[0m stage [32mfrom-build-pack[0m and container [32mstep-promote-make-preview[0m
sed -i -e "s/version:.*/version: 0.0.0-SNAPSHOT-PR-2-2/" Chart.yaml
sed -i -e "s/version:.*/version: 0.0.0-SNAPSHOT-PR-2-2/" ../*/Chart.yaml
sed -i -e "s|repository:.*|repository: gcr.io\/valued-ceiling-253018\/my-golang|" values.yaml
sed -i -e "s/tag:.*/tag: 0.0.0-SNAPSHOT-PR-2-2/" values.yaml
echo "  version: 0.0.0-SNAPSHOT-PR-2-2" >> requirements.yaml
** step helm build
WARNING: No $CHART_REPOSITORY defined so using the default value of: http://jenkins-x-chartmuseum:8080
Adding missing Helm repo: storage.googleapis.com https://storage.googleapis.com/chartmuseum.jenkins-x.io
Successfully added Helm repository storage.googleapis.com.
Adding missing Helm repo: jenkins-x-chartmuseum http://jenkins-x-chartmuseum:8080
Successfully added Helm repository jenkins-x-chartmuseum.
WARNING: No $CHART_REPOSITORY defined so using the default value of: http://jenkins-x-chartmuseum:8080
Adding missing Helm repo: chartmuseum.jenkins-x.io http://chartmuseum.jenkins-x.io
Successfully added Helm repository chartmuseum.jenkins-x.io.

Showing logs for build [32mdhgautam-my-golang-pr-2-pr-buil-cf7pm-2[0m stage [32mfrom-build-pack[0m and container [32mstep-promote-jx-preview[0m
Creating a preview
Found commit author match for: ******** with email address: deepika@aplimasolutions.com
expose:
  Annotations:
    helm.sh/hook: post-install,post-upgrade
    helm.sh/hook-delete-policy: hook-succeeded
  config:
    domain: 35.233.169.26.nip.io
    exposer: Ingress
    http: "true"
preview:
  image:
    repository: gcr.io/valued-ceiling-253018/my-golang
    tag: 0.0.0-SNAPSHOT-PR-2-2

Updating PipelineActivities ********-my-golang-pr-2-2 which has status Running
Preview application is now available at: http://my-golang.**-********-my-golang-pr-2.35.233.169.26.nip.io
